<?xml version="1.0" encoding="UTF-8"?>
<testsuites>
  <testsuite name="Auth_test" file="/Users/valeria/Downloads/RoomService 4/src/application/tests/controllers/Auth_test.php" tests="4" assertions="4" failures="0" errors="0" time="0.245353">
    <testcase name="test_sing_in_index" class="Auth_test" file="/Users/valeria/Downloads/RoomService 4/src/application/tests/controllers/Auth_test.php" line="5" assertions="1" time="0.058456"/>
    <testcase name="test_sing_up_index" class="Auth_test" file="/Users/valeria/Downloads/RoomService 4/src/application/tests/controllers/Auth_test.php" line="11" assertions="1" time="0.086041"/>
    <testcase name="test_forgot_password_index" class="Auth_test" file="/Users/valeria/Downloads/RoomService 4/src/application/tests/controllers/Auth_test.php" line="17" assertions="1" time="0.060395"/>
    <testcase name="test_method_404" class="Auth_test" file="/Users/valeria/Downloads/RoomService 4/src/application/tests/controllers/Auth_test.php" line="24" assertions="1" time="0.040461"/>
  </testsuite>
</testsuites>
